<?xml version="1.0" encoding="UTF-8"?>
<!-- Generated by org.testng.reporters.JUnitReportReporter -->
<testsuite skipped="0" hostname="DESKTOP-L1J67QN" name="com.shearcircle.testscenarios.SubscriberSignup" tests="2" failures="0" timestamp="01 Nov 2017 03:57:34 GMT" time="26.453" errors="0">
  <testcase name="TS002" time="21.997" classname="com.shearcircle.testscenarios.SubscriberSignup"/>
  <testcase name="visitsJoinOurCirclepage" time="4.456" classname="com.shearcircle.testscenarios.SubscriberSignup"/>
</testsuite> <!-- com.shearcircle.testscenarios.SubscriberSignup -->
