<?xml version="1.0" encoding="UTF-8"?>
<!-- Generated by org.testng.reporters.JUnitReportReporter -->
<testsuite skipped="0" hostname="Mahendra"
	name="util_readExcelData.Executetestdatafile" tests="1" failures="0"
	timestamp="13 Oct 2017 17:53:08 GMT" time="1.146" errors="0">
	<testcase name="getdata" time="1.146"
		classname="util_readExcelData.Executetestdatafile" />
</testsuite> <!-- util_readExcelData.Executetestdatafile -->
