<?xml version="1.0" encoding="UTF-8"?>
<!-- Generated by org.testng.reporters.JUnitReportReporter -->
<testsuite skipped="0" hostname="Mahendra" name="util_readExcelData.Executetestdatafile" tests="1" failures="0" timestamp="17 Oct 2017 14:18:47 GMT" time="2.058" errors="0">
  <testcase name="getdata" time="2.058" classname="util_readExcelData.Executetestdatafile"/>
</testsuite> <!-- util_readExcelData.Executetestdatafile -->
